<?xml version="1.0" encoding="UTF-8"?><testsuite errors="0" failures="0" name="com.bestbuy.testsuite.ProductsExtractionTest" skipped="0" tests="20" time="0.63" timestamp="2023-06-04T17:56:08.699+01:00[Europe/London]"><testcase classname="com.bestbuy.testsuite.ProductsExtractionTest" name="Extract the limit"/><testcase classname="com.bestbuy.testsuite.ProductsExtractionTest" name="Extract the total"/><testcase classname="com.bestbuy.testsuite.ProductsExtractionTest" name="Extract the name of 5th product"/><testcase classname="com.bestbuy.testsuite.ProductsExtractionTest" name="Extract the names of all the products"/><testcase classname="com.bestbuy.testsuite.ProductsExtractionTest" name="Extract the productId of all the products"/><testcase classname="com.bestbuy.testsuite.ProductsExtractionTest" name="Print the size of the data list"/><testcase classname="com.bestbuy.testsuite.ProductsExtractionTest" name="Get all the value of the product where product name = Energizer - MAX Batteries AA (4-Pack)"/><testcase classname="com.bestbuy.testsuite.ProductsExtractionTest" name="Get the model of the product where product name = Energizer - N Cell E90 Batteries (2-Pack)"/><testcase classname="com.bestbuy.testsuite.ProductsExtractionTest" name="Get all the categories of 8th products"/><testcase classname="com.bestbuy.testsuite.ProductsExtractionTest" name="Get categories of the store where product id = 150115"/><testcase classname="com.bestbuy.testsuite.ProductsExtractionTest" name="Get all the descriptions of all the products"/><testcase classname="com.bestbuy.testsuite.ProductsExtractionTest" name="Get id of all the all categories of all the products"/><testcase classname="com.bestbuy.testsuite.ProductsExtractionTest" name="Find the product names Where type = HardGood"/><testcase classname="com.bestbuy.testsuite.ProductsExtractionTest" name="Find the Total number of categories for the product where product name = Duracell - AA 1.5V CopperTop Batteries (4-Pack)"/><testcase classname="com.bestbuy.testsuite.ProductsExtractionTest" name="Find the createdAt for all products whose price &lt; 5.49"/><testcase classname="com.bestbuy.testsuite.ProductsExtractionTest" name="Find the name of all categories Where product name = “Energizer - MAX Batteries AA (4-Pack)”"/><testcase classname="com.bestbuy.testsuite.ProductsExtractionTest" name="Find the manufacturer of all the products"/><testcase classname="com.bestbuy.testsuite.ProductsExtractionTest" name="Find the image of products whose manufacturer is = Energizer"/><testcase classname="com.bestbuy.testsuite.ProductsExtractionTest" name="Find the createdAt for all categories products whose price &gt; 5.99"/><testcase classname="com.bestbuy.testsuite.ProductsExtractionTest" name="Find the uri of all the products"/></testsuite>