<?xml version="1.0" encoding="UTF-8"?><testsuite errors="0" failures="0" name="com.bestbuy.testsuite.ProductsAssertionTest" skipped="0" tests="10" time="0.48" timestamp="2023-06-04T17:56:07.570+01:00[Europe/London]"><testcase classname="com.bestbuy.testsuite.ProductsAssertionTest" name="Verify the if the total is equal to 51957"/><testcase classname="com.bestbuy.testsuite.ProductsAssertionTest" name="Verify the if the stores of limit is equal to 10"/><testcase classname="com.bestbuy.testsuite.ProductsAssertionTest" name="Check the single ‘Name’ in the Array list (Duracell - AAA Batteries (4-Pack))"/><testcase classname="com.bestbuy.testsuite.ProductsAssertionTest" name="Check the multiple ‘Names’ in the ArrayList (Duracell - AA 1.5V CopperTop Batteries (4-Pack), Duracell - AA Batteries (8-Pack), Energizer - MAX Batteries AA (4-Pack))"/><testcase classname="com.bestbuy.testsuite.ProductsAssertionTest" name="Verify the productId=150115 inside categories of the third name is “Household Batteries”"/><testcase classname="com.bestbuy.testsuite.ProductsAssertionTest" name="Verify the categories second name = “Housewares” of productID = 333179"/><testcase classname="com.bestbuy.testsuite.ProductsAssertionTest" name="Verify the price = 4.99 of forth product"/><testcase classname="com.bestbuy.testsuite.ProductsAssertionTest" name="Verify the Product name = Duracell - D Batteries (4-Pack) of 6th product"/><testcase classname="com.bestbuy.testsuite.ProductsAssertionTest" name="Verify the ProductId = 333179 for the 9th product"/><testcase classname="com.bestbuy.testsuite.ProductsAssertionTest" name="Verify the productId = 346575 have 5 categories"/></testsuite>