<?xml version="1.0" encoding="UTF-8"?><testsuite errors="0" failures="0" name="com.bestbuy.testsuite.StoresExtractionTest" skipped="0" tests="20" time="0.83" timestamp="2023-06-04T17:56:10.190+01:00[Europe/London]"><testcase classname="com.bestbuy.testsuite.StoresExtractionTest" name="Extract the limit"/><testcase classname="com.bestbuy.testsuite.StoresExtractionTest" name="Extract the total"/><testcase classname="com.bestbuy.testsuite.StoresExtractionTest" name="Extract the name of 5th store"/><testcase classname="com.bestbuy.testsuite.StoresExtractionTest" name="Extract the names of all the store"/><testcase classname="com.bestbuy.testsuite.StoresExtractionTest" name="Extract the storeId of all the store"/><testcase classname="com.bestbuy.testsuite.StoresExtractionTest" name="Print the size of the data list"/><testcase classname="com.bestbuy.testsuite.StoresExtractionTest" name="Get all the value of the store where store name = St Cloud"/><testcase classname="com.bestbuy.testsuite.StoresExtractionTest" name="Get the address of the store where store name = Rochester"/><testcase classname="com.bestbuy.testsuite.StoresExtractionTest" name="Get all the services of 8th store"/><testcase classname="com.bestbuy.testsuite.StoresExtractionTest" name="Get storeServices of the store where service name = Windows Store"/><testcase classname="com.bestbuy.testsuite.StoresExtractionTest" name="Get all the storeId of all the store"/><testcase classname="com.bestbuy.testsuite.StoresExtractionTest" name="Get id of all the store"/><testcase classname="com.bestbuy.testsuite.StoresExtractionTest" name="Find the store names Where state = ND"/><testcase classname="com.bestbuy.testsuite.StoresExtractionTest" name="Find the Total number of services for the store where store name = Rochester"/><testcase classname="com.bestbuy.testsuite.StoresExtractionTest" name="Find the createdAt for all services whose name = “Windows Store”"/><testcase classname="com.bestbuy.testsuite.StoresExtractionTest" name="Find the name of all services Where store name = “Fargo”"/><testcase classname="com.bestbuy.testsuite.StoresExtractionTest" name="Find the zip of all the store"/><testcase classname="com.bestbuy.testsuite.StoresExtractionTest" name="Find the zip of store name = Roseville"/><testcase classname="com.bestbuy.testsuite.StoresExtractionTest" name="Find the storeServices details of the service name = Magnolia Home Theater"/><testcase classname="com.bestbuy.testsuite.StoresExtractionTest" name="Find the lat of all the stores"/></testsuite>