<?xml version="1.0" encoding="UTF-8"?><testsuite errors="0" failures="0" name="com.bestbuy.testsuite.StoresAssertionTest" skipped="0" tests="10" time="0.18" timestamp="2023-06-04T17:56:09.692+01:00[Europe/London]"><testcase classname="com.bestbuy.testsuite.StoresAssertionTest" name="Verify the if the total is equal to 1563"/><testcase classname="com.bestbuy.testsuite.StoresAssertionTest" name="Verify the if the stores of limit is equal to 10"/><testcase classname="com.bestbuy.testsuite.StoresAssertionTest" name="Check the single ‘Name’ in the Array list (Inver Grove Heights)"/><testcase classname="com.bestbuy.testsuite.StoresAssertionTest" name="Check the multiple ‘Names’ in the ArrayList (Roseville, Burnsville, Maplewood)"/><testcase classname="com.bestbuy.testsuite.StoresAssertionTest" name="Verify the storied=7 inside storeservices of the third store of second services"/><testcase classname="com.bestbuy.testsuite.StoresAssertionTest" name="Check hash map values ‘createdAt’ inside storeservices map where store name = Roseville"/><testcase classname="com.bestbuy.testsuite.StoresAssertionTest" name="Verify the state = MN of forth store"/><testcase classname="com.bestbuy.testsuite.StoresAssertionTest" name="Verify the store name = Rochester of 9th store"/><testcase classname="com.bestbuy.testsuite.StoresAssertionTest" name="Verify the storeId = 11 for the 6th store"/><testcase classname="com.bestbuy.testsuite.StoresAssertionTest" name="Verify the serviceId = 4 for the 7th store of forth service"/></testsuite>