<?xml version="1.0" encoding="UTF-8"?><testsuite errors="0" failures="0" name="com.bestbuy.crudtest.StoresCRUDTest" skipped="0" tests="4" time="0.41" timestamp="2023-06-04T17:56:06.636+01:00[Europe/London]"><testcase classname="com.bestbuy.crudtest.StoresCRUDTest" name="Creating store and verifying the creation."/><testcase classname="com.bestbuy.crudtest.StoresCRUDTest" name="Getting store information by id."/><testcase classname="com.bestbuy.crudtest.StoresCRUDTest" name="Updating store information by id."/><testcase classname="com.bestbuy.crudtest.StoresCRUDTest" name="Deleting the store and verifying the deletion."/></testsuite>